<?xml version="1.0" encoding="UTF-8"?>
<!-- Generated by org.testng.reporters.JUnitXMLReporter -->
<testsuite hostname="MUMUSING-IN" ignored="0" name="RestAssured Test" tests="3" failures="0" timestamp="26 Nov 2017 17:17:32 GMT" time="5.542" errors="0">
  <testcase name="postTweet" time="2.571" classname="com.twitter.get.statuses.TwitterEndToEndWorkflow"/>
  <testcase name="readTweet" time="1.629" classname="com.twitter.get.statuses.TwitterEndToEndWorkflow"/>
  <testcase name="deleteTweet" time="0.722" classname="com.twitter.get.statuses.TwitterEndToEndWorkflow"/>
</testsuite> <!-- RestAssured Test -->
